./log.h:1: MINOR:C-G1
./log.h:9: MINOR:C-L2
./log.h:11: MINOR:C-L2
./log.h:12: MINOR:C-L2
./log.h:13: MINOR:C-L2
./log.h:14: MINOR:C-L2
./log.h:15: MINOR:C-L2
./log.h:17: MINOR:C-G3
./log.h:18: MAJOR:C-F3
./log.h:18: MINOR:C-G3
./log.h:21: MINOR:C-L2
./log.h:22: MINOR:C-L2
./log.h:23: MINOR:C-L2
./log.h:24: MINOR:C-L2
./log.h:25: MINOR:C-L2
./log.h:26: MINOR:C-L2
./log.h:27: MINOR:C-L2
./log.h:28: MINOR:C-V1
./log.h:30: MINOR:C-V1
./log.h:31: MINOR:C-V1
./log.h:33: MINOR:C-L4
./log.h:35: MINOR:C-G3
./log.h:35: MINOR:C-V1
./log.h:36: MINOR:C-G3
./log.h:36: MINOR:C-V1
./log.h:37: MINOR:C-G3
./log.h:37: MINOR:C-L3
./log.h:37: MINOR:C-V1
./log.h:38: MINOR:C-G3
./log.h:38: MINOR:C-L3
./log.h:38: MINOR:C-V1
./log.h:39: MINOR:C-G3
./log.h:39: MINOR:C-V1
./log.h:40: MINOR:C-G3
./log.h:40: MINOR:C-V1
./log.h:42: MINOR:C-V3
./log.h:49: MAJOR:C-F5
./log.h:51: INFO:C-A3
